<?xml version="1.0" encoding="UTF-8"?>
<testng-results skipped="0" failed="0" ignored="0" total="1" passed="1">
  <reporter-output>
  </reporter-output>
  <suite name="Suite" duration-ms="37925" started-at="2022-02-25T15:28:44Z" finished-at="2022-02-25T15:29:22Z">
    <groups>
    </groups>
    <test name="Test" duration-ms="37925" started-at="2022-02-25T15:28:44Z" finished-at="2022-02-25T15:29:22Z">
      <class name="com.adactin.Hotel1">
        <test-method status="PASS" signature="test1(java.lang.String, java.lang.String)[pri:0, instance:com.adactin.Hotel1@5442a311]" name="test1" duration-ms="37834" started-at="2022-02-25T15:28:44Z" finished-at="2022-02-25T15:29:22Z">
          <params>
            <param index="0">
              <value>
                <![CDATA[Anandharaj]]>
              </value>
            </param>
            <param index="1">
              <value>
                <![CDATA[987654321]]>
              </value>
            </param>
          </params>
          <reporter-output>
          </reporter-output>
        </test-method> <!-- test1 -->
      </class> <!-- com.adactin.Hotel1 -->
    </test> <!-- Test -->
  </suite> <!-- Suite -->
</testng-results>
